import static com.kms.katalon.core.checkpoint.CheckpointFactory.findCheckpoint
import static com.kms.katalon.core.testcase.TestCaseFactory.findTestCase
import static com.kms.katalon.core.testdata.TestDataFactory.findTestData
import static com.kms.katalon.core.testobject.ObjectRepository.findTestObject
import static com.kms.katalon.core.testobject.ObjectRepository.findWindowsObject
import com.kms.katalon.core.checkpoint.Checkpoint as Checkpoint
import com.kms.katalon.core.cucumber.keyword.CucumberBuiltinKeywords as CucumberKW
import com.kms.katalon.core.mobile.keyword.MobileBuiltInKeywords as Mobile
import com.kms.katalon.core.model.FailureHandling as FailureHandling
import com.kms.katalon.core.testcase.TestCase as TestCase
import com.kms.katalon.core.testdata.TestData as TestData
import com.kms.katalon.core.testng.keyword.TestNGBuiltinKeywords as TestNGKW
import com.kms.katalon.core.testobject.TestObject as TestObject
import com.kms.katalon.core.webservice.keyword.WSBuiltInKeywords as WS
import com.kms.katalon.core.webui.keyword.WebUiBuiltInKeywords as WebUI
import com.kms.katalon.core.windows.keyword.WindowsBuiltinKeywords as Windows
import internal.GlobalVariable as GlobalVariable
import org.openqa.selenium.Keys as Keys

WebUI.callTestCase(findTestCase('Pages/Homepage/Click Masuk from homepage'), [:], FailureHandling.STOP_ON_FAILURE)

WebUI.callTestCase(findTestCase('Pages/Login/Input Email'), [('email') : GlobalVariable.email], FailureHandling.STOP_ON_FAILURE)

WebUI.callTestCase(findTestCase('Pages/Login/Input Password'), [('password') : GlobalVariable.password], FailureHandling.STOP_ON_FAILURE)

WebUI.callTestCase(findTestCase('Pages/Login/Click Button Masuk'), [:], FailureHandling.STOP_ON_FAILURE)

WebUI.callTestCase(findTestCase('Pages/Homepage/Click Profile Icon Navbar'), [:], FailureHandling.STOP_ON_FAILURE)

WebUI.callTestCase(findTestCase('Pages/Homepage/Click Profile Account'), [:], FailureHandling.STOP_ON_FAILURE)

WebUI.callTestCase(findTestCase('Pages/Profile/Upload Image'), [:], FailureHandling.STOP_ON_FAILURE)

WebUI.callTestCase(findTestCase('Pages/Profile/Input Nama'), [('nama') : 'Group1'], FailureHandling.STOP_ON_FAILURE)

WebUI.callTestCase(findTestCase('Pages/Profile/Set Kota'), [('kota') : 'Jakarta'], FailureHandling.STOP_ON_FAILURE)

WebUI.callTestCase(findTestCase('Pages/Profile/Input Alamat'), [('alamat') : 'Jl. Kenangan'], FailureHandling.STOP_ON_FAILURE)

WebUI.callTestCase(findTestCase('Pages/Profile/Input No Handphone'), [('noHP') : '0843434343'], FailureHandling.STOP_ON_FAILURE)

WebUI.callTestCase(findTestCase('Pages/Profile/Verify Image Filled'), [:], FailureHandling.STOP_ON_FAILURE)

WebUI.callTestCase(findTestCase('Pages/Profile/Click Button Simpan'), [:], FailureHandling.STOP_ON_FAILURE)

WebUI.callTestCase(findTestCase('Pages/Profile/Verify Success Edit Profile'), [('nama') : 'Group1'], FailureHandling.STOP_ON_FAILURE)

